{"id":"10.4.93.23.tm159169463168900005","wasCommitted":true,"participants":[{"uri":"10.4.93.23.tm5","state":"COMMITTING","expires":1591694696859,"resourceName":"jmsConnectionFactory"}]}
{"id":"10.4.93.23.tm159169696196500001","wasCommitted":true,"participants":[{"uri":"10.4.93.23.tm1","state":"COMMITTING","expires":1591696971963,"resourceName":"jmsConnectionFactory"}]}
{"id":"10.4.93.23.tm159169696196500001","wasCommitted":true,"participants":[{"uri":"10.4.93.23.tm1","state":"TERMINATED","expires":1591696973170,"resourceName":"jmsConnectionFactory"}]}
{"id":"10.4.93.23.tm159169696239000002","wasCommitted":true,"participants":[{"uri":"10.4.93.23.tm2","state":"COMMITTING","expires":1591696973381,"resourceName":"jmsConnectionFactory"},{"uri":"10.4.93.23.tm3","state":"COMMITTING","expires":1591696973381,"resourceName":"dataSource"}]}
{"id":"10.4.93.23.tm159169696239000002","wasCommitted":true,"participants":[{"uri":"10.4.93.23.tm2","state":"TERMINATED","expires":1591696973385,"resourceName":"jmsConnectionFactory"},{"uri":"10.4.93.23.tm3","state":"TERMINATED","expires":1591696973385,"resourceName":"dataSource"}]}
{"id":"10.4.93.23.tm159169696327200003","wasCommitted":true,"participants":[{"uri":"10.4.93.23.tm4","state":"COMMITTING","expires":1591696973272,"resourceName":"jmsConnectionFactory"}]}
{"id":"10.4.93.23.tm159169696327200003","wasCommitted":true,"participants":[{"uri":"10.4.93.23.tm4","state":"TERMINATED","expires":1591696973423,"resourceName":"jmsConnectionFactory"}]}
{"id":"10.4.93.23.tm159169696348700004","wasCommitted":true,"participants":[{"uri":"10.4.93.23.tm6","state":"COMMITTING","expires":1591696973410,"resourceName":"dataSource"}]}
{"id":"10.4.93.23.tm159169696348700004","wasCommitted":true,"participants":[{"uri":"10.4.93.23.tm6","state":"TERMINATED","expires":1591696973560,"resourceName":"dataSource"}]}
{"id":"10.4.93.23.tm159169696352400005","wasCommitted":true,"participants":[{"uri":"10.4.93.23.tm5","state":"COMMITTING","expires":1591696973546,"resourceName":"jmsConnectionFactory"}]}
{"id":"10.4.93.23.tm159169696352400005","wasCommitted":true,"participants":[{"uri":"10.4.93.23.tm5","state":"TERMINATED","expires":1591696974448,"resourceName":"jmsConnectionFactory"}]}
{"id":"10.4.93.23.tm159169696366100006","wasCommitted":false,"participants":[{"uri":"10.4.93.23.tm7","state":"TERMINATED","expires":1591696974472,"resourceName":"jmsConnectionFactory"},{"uri":"10.4.93.23.tm8","state":"TERMINATED","expires":1591696974472,"resourceName":"dataSource"}]}
{"id":"10.4.93.23.tm159169696457700008","wasCommitted":true,"participants":[{"uri":"10.4.93.23.tm9","state":"COMMITTING","expires":1591696974479,"resourceName":"dataSource"}]}
{"id":"10.4.93.23.tm159169696457700008","wasCommitted":true,"participants":[{"uri":"10.4.93.23.tm9","state":"TERMINATED","expires":1591696974480,"resourceName":"dataSource"}]}
{"id":"10.4.93.23.tm159169696468100009","wasCommitted":true,"participants":[{"uri":"10.4.93.23.tm11","state":"COMMITTING","expires":1591696974701,"resourceName":"dataSource"}]}
{"id":"10.4.93.23.tm159169696468100009","wasCommitted":true,"participants":[{"uri":"10.4.93.23.tm11","state":"TERMINATED","expires":1591696974702,"resourceName":"dataSource"}]}
{"id":"10.4.93.23.tm159169696480200010","wasCommitted":true,"participants":[{"uri":"10.4.93.23.tm12","state":"COMMITTING","expires":1591696974704,"resourceName":"dataSource"}]}
{"id":"10.4.93.23.tm159169696480200010","wasCommitted":true,"participants":[{"uri":"10.4.93.23.tm12","state":"TERMINATED","expires":1591696974704,"resourceName":"dataSource"}]}
{"id":"10.4.93.23.tm159169696455000007","wasCommitted":true,"participants":[{"uri":"10.4.93.23.tm10","state":"COMMITTING","expires":1591696974587,"resourceName":"jmsConnectionFactory"}]}
{"id":"10.4.93.23.tm159169696455000007","wasCommitted":true,"participants":[{"uri":"10.4.93.23.tm10","state":"TERMINATED","expires":1591696975487,"resourceName":"jmsConnectionFactory"}]}
